0.280293 [DEBUG] init alp (cyw43 cyw43-0.6.0/src/runner.rs:87)
0.280878 [DEBUG] set f2 watermark (cyw43 cyw43-0.6.0/src/runner.rs:92)
0.281869 [DEBUG] watermark = 10 (cyw43 cyw43-0.6.0/src/runner.rs:97)
0.282002 [DEBUG] waiting for clock... (cyw43 cyw43-0.6.0/src/runner.rs:100)
0.282593 [DEBUG] clock ok (cyw43 cyw43-0.6.0/src/runner.rs:102)
0.282691 [DEBUG] clear request for ALP (cyw43 cyw43-0.6.0/src/runner.rs:105)
0.284680 [DEBUG] chip ID: 43439 (cyw43 cyw43-0.6.0/src/runner.rs:109)
0.294483 [DEBUG] loading fw (cyw43 cyw43-0.6.0/src/runner.rs:122)
1.666923 [DEBUG] loading nvram (cyw43 cyw43-0.6.0/src/runner.rs:125)
1.672699 [DEBUG] starting up core... (cyw43 cyw43-0.6.0/src/runner.rs:139)
1.681118 [DEBUG] wait for HT clock (cyw43 cyw43-0.6.0/src/runner.rs:144)
1.697238 [DEBUG] setup interrupt mask (cyw43 cyw43-0.6.0/src/runner.rs:148)
1.698220 [DEBUG] bluetooth setup interrupt mask (cyw43 cyw43-0.6.0/src/runner.rs:155)
1.699507 [DEBUG] waiting for F2 to be ready... (cyw43 cyw43-0.6.0/src/runner.rs:172)
1.781002 [DEBUG] clear pad pulls (cyw43 cyw43-0.6.0/src/runner.rs:193)
1.782322 [DEBUG] waiting for HT clock... (cyw43 cyw43-0.6.0/src/runner.rs:201)
1.782937 [DEBUG] clock ok (cyw43 cyw43-0.6.0/src/runner.rs:203)
1.784659 [DEBUG] shared_addr 00017a7c (cyw43 cyw43-0.6.0/src/runner.rs:222)
2.151917 [DEBUG] cyw43 runner init done (cyw43 cyw43-0.6.0/src/runner.rs:213)
2.152472 [DEBUG] Downloading CLM... (cyw43 cyw43-0.6.0/src/control.rs:168)
2.152936 [DEBUG] ioctl set SetVar iface 0 = [63, 6c, 6d, 6c, 6f, 61, 64, 00, 06, 10, 02, 00, d8, 03, 00, 00, 00, 00, 00, 00, 42, 4c, 4f, 42, 3c, 00, 00, 00, fa, 69, e0, bb, 01, 00, 00, 00, 02, 00, 00, 00, 00, 00, 00, 00, 3c, 00, 00, 00, 98, 03, 00, 00, 0a, 6f, 2b, 52, 00, 00, 00, 00, 00, 00, 00, 00, d4, 03, 00, 00, 04, 00, 00, 00, a0, b0, e5, e2, 00, 00, 00, 00, 43, 4c, 4d, 20, 44, 41, 54, 41, 00, 00, 0c, 00, 02, 00, 52, 61, 73, 70, 62, 65, 72, 72, 79, 50, 69, 2e, 50, 69, 63, 6f, 57, 00, 00, 00, 31, 2e, 32, 39, 2e, 34, 00, 00, 00, 00, 00, 00, 00, 00, 70, 00, 00, 00, 43, 6c, 6d, 49, 6d, 70, 6f, 72, 74, 3a, 20, 31, 2e, 34, 37, 2e, 31, 00, 00, 00, 00, 00, 00, 00, 00, 00, 00, 00, 00, 00, 76, 35, 20, 32, 32, 2f, 30, 36, 2f, 32, 34, 00, 00, 00, 00, 00, 00, 00, 00, 00, 00, 00, 01, 0b, 01, 0d, 0c, 0d, 00, 00, 68, 03, 00, 00, 74, 01, 00, 00, 68, 00, 00, 00, 30, 01, 00, 00, 7c, 01, 00, 00, 00, 00, 00, 00, 4c, 01, 00, 00, 46, 01, 00, 00, 58, 03, 00, 00, 00, 00, 00, 00, 28, 01, 00, 00, 90, 03, 00, 00, 88, 03, 00, 00, 7f, b2, 00, 00, 00, 00, 00, 00, 00, 00, 00, 00, 00, 00, 00, 00, 00, 00, 00, 00, 00, 00, 00, 00, 00, 00, 00, 00, 00, 00, 00, 00, 00, 00, 00, 00, 70, 03, 00, 00, 00, 00, 00, 00, 32, 01, 00, 00, 00, 00, 00, 00, 00, 00, 00, 00, 00, 00, 00, 00, 00, 00, 00, 00, 00, 00, 00, 00, 00, 00, 00, 00, 00, 00, 00, 00, 00, 00, 00, 00, 00, 00, 00, 00, 00, 00, 00, 00, 00, 00, 00, 00, 00, 00, 00, 00, 00, 00, 00, 00, 00, 00, 00, 00, 00, 00, 00, 00, 00, 00, 00, 00, 00, 00, 00, 00, 00, 00, 00, 00, 00, 00, 00, 00, 00, 00, 00, 00, 00, 00, 00, 00, 34, 00, 00, 00, 81, 01, 00, 00, 01, 02, 32, 30, 32, 32, 2d, 30, 36, 2d, 32, 34, 20, 30, 36, 3a, 35, 35, 3a, 30, 38, 00, 00, 00, ff, 00, 00, 00, 01, 00, ff, 01, 1e, 00, 00, 01, 48, 00, 01, 01, 00, ff, 01, 14, 00, 00, 01, 48, 00, 01, 00, 00, ff, 00, 00, 00, 02, 00, 00, 01, 1e, 01, 00, 01, 48, 01, 01, 00, 00, 00, 00, 00, 00, 00, 00, 00, 00, 01, 00, 01, 01, 23, 6e, 00, 02, 00, ff, ff, f0, 00, 41, 54, 00, 01, 00, 01, ff, c0, 00, 41, 55, 00, 01, 00, 01, ff, c0, 00, 42, 45, 00, 01, 00, 01, ff, c0, 00, 42, 52, 00, 01, 00, 01, ff, c0, 00, 43, 41, 00, 00, ff, 00, ff, cc, 00, 43, 48, 00, 01, 00, 01, ff, c0, 00, 43, 4c, 00, 01, 00, 01, ff, c0, 00, 43, 4e, 00, 01, 00, 01, ff, c0, 00, 43, 4f, 00, 01, 00, 01, ff, c0, 00, 43, 5a, 00, 01, 00, 01, ff, c0, 00, 44, 45, 00, 01, ff, 01, ff, cc, 00, 44, 4b, 00, 01, 00, 01, ff, c0, 00, 45, 45, 00, 01, 00, 01, ff, c0, 00, 45, 53, 00, 01, 00, 01, ff, c0, 00, 46, 52, 00, 01, 00, 01, ff, c0, 00, 47, 42, 00, 01, 00, 01, ff, c0, 00, 47, 52, 00, 01, 00, 01, ff, c0, 00, 48, 4b, 00, 01, 00, 01, ff, c0, 00, 48, 55, 00, 01, 00, 01, ff, c0, 00, 49, 4c, 00, 01, 00, 01, ff, c0, 00, 49, 4e, 00, 01, 00, 01, ff, c0, 00, 49, 53, 00, 01, 00, 01, ff, c0, 00, 49, 54, 00, 01, 00, 01, ff, c0, 00, 4a, 50, 00, 01, 00, 01, ff, c0, 00, 4b, 45, 00, 01, 00, 01, ff, c0, 00, 4b, 52, 00, 01, 00, 01, ff, c0, 00, 4c, 49, 00, 01, 00, 01, ff, c0, 00, 4c, 54, 00, 01, 00, 01, ff, c0, 00, 4c, 55, 00, 01, 00, 01, ff, c0, 00, 4c, 56, 00, 01, 00, 01, ff, c0, 00, 4d, 54, 00, 01, 00, 01, ff, c0, 00, 4d, 58, 00, 01, 00, 01, ff, c0, 00, 4d, 59, 00, 01, 00, 01, ff, c0, 00, 4e, 47, 00, 01, 00, 01, ff, c0, 00, 4e, 4c, 00, 01, 00, 01, ff, c0, 00, 4e, 4f, 00, 01, 00, 01, ff, c0, 00, 4e, 5a, 00, 01, 00, 01, ff, c0, 00, 50, 45, 00, 01, 00, 01, ff, c0, 00, 50, 48, 00, 01, 00, 01, ff, c0, 00, 50, 4c, 00, 01, 00, 01, ff, c0, 00, 50, 54, 00, 01, 00, 01, ff, c0, 00, 53, 45, 00, 01, 00, 01, ff, c0, 00, 53, 47, 00, 01, 00, 01, ff, c0, 00, 53, 49, 00, 01, 00, 01, ff, c0, 00, 53, 4b, 00, 01, 00, 01, ff, c0, 00, 54, 48, 00, 01, 00, 01, ff, c0, 00, 54, 52, 00, 01, 00, 01, ff, c0, 00, 54, 57, 00, 01, 00, 01, ff, c0, 00, 55, 53, 00, 00, 00, 00, ff, c0, 00, 58, 58, 00, 03, ff, 02, ff, cc, 00, 5a, 41, 00, 01, 00, 01, ff, c0, 00, 01, 0d, 01, 00, 01, 48, 00, 00, 00, 01, 48, 00, 00, 00, 01, 48, 01, 00, 00, 01, 00, 00, 00, 55, 03, 00, 00, 0a, 0c, 0d, 0e, 0f, 10, 11, 12, 13, 14, 15, 0c, 00, 01, 02, 03, 04, 05, 06, 07, 08, 09, 0a, 0b, 00, 00, 00, 00, 00, 00, 00, 00, 00, 00, 00, 00, 00, 00, 00, 00, af, a9, 00, 00] (cyw43 cyw43-0.6.0/src/control.rs:610)
2.171816 [DEBUG] LOGS: hndarm_armr `ddr: 0x18003000, cr4_idx: 0 (cyw43 cyw43-0.6.0/src/runner.rs:255)
2.172286 [DEBUG] LOGS: 000000.001  (cyw43 cyw43-0.6.0/src/runner.rs:255)
2.172528 [DEBUG] LOGS: RTE (SDIO-CDC) 7.95.60 (abcd531 CY) on BCM43439 r5 @ 37.4/81.6/81.6MHz (cyw43 cyw43-0.6.0/src/runner.rs:255)
2.173128 [DEBUG] LOGS: 000000.003 sdpcmdcdc0: Broadcom SDPCMD CDC driver (cyw43 cyw43-0.6.0/src/runner.rs:255)
2.173604 [DEBUG] LOGS: 000000.008 reclaim section 0: Returned 46156 bytes to the heap (cyw43 cyw43-0.6.0/src/runner.rs:255)
2.174144 [DEBUG] LOGS: 000000.012 wlc_bmac_info_init: host_enab 1 (cyw43 cyw43-0.6.0/src/runner.rs:255)
2.196985 [DEBUG] LOGS: 000000.039 wl0: wlc_ampdu_tx_set: AGG Mode = M@C+Ucode txmaxpkts 64 txmaxpkts_agg 0 (cyw43 cyw43-0.6.0/src/runner.rs:255)
2.197690 [DEBUG] LOGS: 000000.050 wl0: wlc_channdls_commit: no valid channel for "#n" nbands 1 bandlocked 0 (cyw43 cyw43-0.6.0/src/runner.rs:255)
2.198399 [DEBUG] LOGS: 000000.055 wl0: Broadcom BCM43439 802.11 Wireless Controller 7.95.60 (abcd531 CY) (cyw43 cyw43-0.6.0/src/runner.rs:255)
2.199056 [DEBUG] LOGS: 000000.057 TCAM: 256 used: 77 exceed:0 (cyw43 cyw43-0.6.0/src/runner.rs:255)
2.199451 [DEBUG] LOGS: 000000.060 reclaim section 1: Returned 86132 bytes to the heap (cyw43 cyw43-0.6.0/src/runner.rs:255)
2.202386 [WARN ] BDC event, incomplete data (cyw43 cyw43-0.6.0/src/runner.rs:458)
2.203548 [WARN ] BDC event, incomplete data (cyw43 cyw43-0.6.0/src/runner.rs:458)
2.208554 [DEBUG] iovar get clmload_status (cyw43 cyw43-0.6.0/src/control.rs:587)
2.216414 [DEBUG] Configuring misc stuff... (cyw43 cyw43-0.6.0/src/control.rs:203)
2.216640 [DEBUG] iovar set bus:txglom = [00, 00, 00, 00] (cyw43 cyw43-0.6.0/src/control.rs:573)
2.224494 [DEBUG] iovar set apsta = [01, 00, 00, 00] (cyw43 cyw43-0.6.0/src/control.rs:573)
2.232321 [DEBUG] iovar get cur_etheraddr (cyw43 cyw43-0.6.0/src/control.rs:587)
2.240077 [DEBUG] mac addr: [2c, cf, 67, f8, db, 0c] (cyw43 cyw43-0.6.0/src/control.rs:213)
2.240477 [DEBUG] iovar set country = [58, 58, 00, 00, ff, ff, ff, ff, 58, 58, 00, 00] (cyw43 cyw43-0.6.0/src/control.rs:573)
2.376623 [DEBUG] ioctl set SetAntdiv iface 0 = [00, 00, 00, 00] (cyw43 cyw43-0.6.0/src/control.rs:610)
2.384389 [DEBUG] iovar set bus:txglom = [00, 00, 00, 00] (cyw43 cyw43-0.6.0/src/control.rs:573)
2.495707 [DEBUG] iovar set ampdu_ba_wsize = [08, 00, 00, 00] (cyw43 cyw43-0.6.0/src/control.rs:573)
2.606893 [DEBUG] iovar set ampdu_mpdu = [04, 00, 00, 00] (cyw43 cyw43-0.6.0/src/control.rs:573)
2.718194 [DEBUG] iovar set bsscfg:event_msgs = [00, 00, 00, 00, ff, ff, f7, ff, ff, ee, bf, ff, 7f, ff, ff, ff, ff, ff, ff, ff, ff, fd, ff, ff, ff, ff, ff, ff] (cyw43 cyw43-0.6.0/src/control.rs:573)
2.829915 [DEBUG] ioctl set Up iface 0 = [] (cyw43 cyw43-0.6.0/src/control.rs:610)
2.842077 [DEBUG] LOGS: 000001.120 wl0: wl_open (cyw43 cyw43-0.6.0/src/runner.rs:255)
2.949741 [DEBUG] ioctl set SetGmode iface 0 = [01, 00, 00, 00] (cyw43 cyw43-0.6.0/src/control.rs:610)
2.957423 [DEBUG] ioctl set SetBand iface 0 = [00, 00, 00, 00] (cyw43 cyw43-0.6.0/src/control.rs:610)
3.068576 [DEBUG] cyw43 control init done (cyw43 cyw43-0.6.0/src/control.rs:272)
3.068897 [INFO ] Our address = FF:E4:05:1B:8F:FF (trouble_example_apps apps/src/fmt.rs:143)
3.070032 [INFO ] reset (trouble_host host/src/host.rs:1054)
3.076226 [DEBUG] HCI tx: [01, 03, 0c, 00] (cyw43 cyw43-0.6.0/src/bluetooth.rs:353)
3.092999 [DEBUG] HCI rx: [04, 0e, 04, 01, 03, 0c, 00] (cyw43 cyw43-0.6.0/src/bluetooth.rs:466)
3.098059 [INFO ] set addr (trouble_host host/src/host.rs:1058)
3.103460 [DEBUG] HCI tx: [01, 05, 20, 06, ff, 8f, 1b, 05, e4, ff] (cyw43 cyw43-0.6.0/src/bluetooth.rs:353)
3.116147 [DEBUG] HCI rx: [04, 0e, 04, 01, 05, 20, 00] (cyw43 cyw43-0.6.0/src/bluetooth.rs:466)
3.124523 [INFO ] set event mask (trouble_host host/src/host.rs:1062)
3.130898 [DEBUG] HCI tx: [01, 01, 0c, 08, 9c, 80, 00, 00, 00, 00, 00, 20] (cyw43 cyw43-0.6.0/src/bluetooth.rs:353)
3.143576 [DEBUG] HCI rx: [04, 0e, 04, 01, 01, 0c, 00] (cyw43 cyw43-0.6.0/src/bluetooth.rs:466)
3.151910 [INFO ] set event mask (trouble_host host/src/host.rs:1075)
3.158269 [DEBUG] HCI tx: [01, 63, 0c, 08, 00, 00, 00, 02, 00, 00, 00, 00] (cyw43 cyw43-0.6.0/src/bluetooth.rs:353)
3.170883 [DEBUG] HCI rx: [04, 0e, 04, 01, 63, 0c, 00] (cyw43 cyw43-0.6.0/src/bluetooth.rs:466)
3.185295 [DEBUG] HCI tx: [01, 01, 20, 08, 57, 1a, 03, 00, 00, 00, 00, 00] (cyw43 cyw43-0.6.0/src/bluetooth.rs:353)
3.197973 [DEBUG] HCI rx: [04, 0e, 04, 01, 01, 20, 00] (cyw43 cyw43-0.6.0/src/bluetooth.rs:466)
3.206302 [INFO ] [host] using packet pool with MTU 128 capacity 16 (trouble_host host/src/host.rs:1097)
3.212721 [DEBUG] HCI tx: [01, 0f, 20, 00] (cyw43 cyw43-0.6.0/src/bluetooth.rs:353)
3.225345 [DEBUG] HCI rx: [04, 0e, 05, 01, 0f, 20, 00, 80] (cyw43 cyw43-0.6.0/src/bluetooth.rs:466)
3.233678 [INFO ] [host] filter accept list size: 128 (trouble_host host/src/host.rs:1104)
3.240073 [DEBUG] HCI tx: [01, 02, 20, 00] (cyw43 cyw43-0.6.0/src/bluetooth.rs:353)
3.252739 [DEBUG] HCI rx: [04, 0e, 07, 01, 02, 20, 00, fb, 00, 08] (cyw43 cyw43-0.6.0/src/bluetooth.rs:466)
3.261200 [INFO ] [host] setting txq to 8, fragmenting at 251 (trouble_host host/src/host.rs:1107)
3.261473 [INFO ] [host] configuring host buffers (1 packets of size 255) (trouble_host host/src/host.rs:1116)
3.267852 [DEBUG] HCI tx: [01, 33, 0c, 07, ff, 00, 00, 01, 00, 00, 00] (cyw43 cyw43-0.6.0/src/bluetooth.rs:353)
3.280484 [DEBUG] HCI rx: [04, 0e, 04, 01, 33, 0c, 00] (cyw43 cyw43-0.6.0/src/bluetooth.rs:466)
3.288860 [INFO ] [host] initialized (trouble_host host/src/host.rs:1135)
3.295436 [DEBUG] HCI tx: [01, 09, 10, 00] (cyw43 cyw43-0.6.0/src/bluetooth.rs:353)
3.308082 [DEBUG] HCI rx: [04, 0e, 0a, 01, 09, 10, 00, 0d, db, f8, 67, cf, 2c] (cyw43 cyw43-0.6.0/src/bluetooth.rs:466)
3.313499 [INFO ] [host] Device Address 2C:CF:67:F8:DB:0D (trouble_host host/src/host.rs:1143)
3.319009 [DEBUG] HCI tx: [01, 10, 20, 00] (cyw43 cyw43-0.6.0/src/bluetooth.rs:353)
3.331668 [DEBUG] HCI rx: [04, 0e, 04, 01, 10, 20, 00] (cyw43 cyw43-0.6.0/src/bluetooth.rs:466)
3.346668 [DEBUG] HCI tx: [01, 0b, 20, 07, 01, 64, 00, 64, 00, 01, 00] (cyw43 cyw43-0.6.0/src/bluetooth.rs:353)
3.359439 [DEBUG] HCI rx: [04, 0e, 04, 01, 0b, 20, 00] (cyw43 cyw43-0.6.0/src/bluetooth.rs:466)
3.369780 [DEBUG] HCI tx: [01, 0c, 20, 02, 01, 01] (cyw43 cyw43-0.6.0/src/bluetooth.rs:353)
3.382500 [DEBUG] HCI rx: [04, 0e, 04, 01, 0c, 20, 00] (cyw43 cyw43-0.6.0/src/bluetooth.rs:466)
3.399945 [DEBUG] HCI rx: [04, 3e, 23, 02, 01, 00, 00, bd, b6, e5, 38, c1, a4, 16, 13, 09, 69, 68, 6f, 6d, 65, 6e, 74, 5f, 48, 36, 31, 33, 39, 5f, 42, 36, 42, 44, 02, 01, 05, a2] (cyw43 cyw43-0.6.0/src/bluetooth.rs:466)
3.406020 [DEBUG] HCI rx: [04, 3e, 20, 02, 01, 00, 01, 86, 78, 45, 33, 22, 11, 14, 08, 09, 54, 4f, 5a, 4f, 2d, 54, 36, 0a, ff, 58, fc, c6, c5, 57, 2c, 77, 57, 52, c7] (cyw43 cyw43-0.6.0/src/bluetooth.rs:466)
3.411795 [DEBUG] HCI rx: [04, 3e, 0c, 02, 01, 04, 01, 86, 78, 45, 33, 22, 11, 00, c7] (cyw43 cyw43-0.6.0/src/bluetooth.rs:466)
3.416301 [INFO ] [host] rx::run (trouble_host host/src/host.rs:806)
3.417072 [INFO ] discovered: bd:b6:e5:38:c1:a4 (trouble_example_apps apps/src/fmt.rs:143)
3.417935 [INFO ] [host] rx::run (trouble_host host/src/host.rs:806)
3.418640 [INFO ] discovered: 86:78:45:33:22:11 (trouble_example_apps apps/src/fmt.rs:143)
3.419420 [INFO ] [host] rx::run (trouble_host host/src/host.rs:806)
3.445100 [DEBUG] HCI rx: [04, 3e, 28, 02, 01, 03, 00, f5, 2c, 29, 4e, c2, d0, 1c, 1b, ff, 75, 00, 42, 04, 01, 80, 66, d0, c2, 4e, 29, 2c, f5, d2, c2, 4e, 29, 2c, f4, 01, a8, c5, d1, 00, 00, 00, a7] (cyw43 cyw43-0.6.0/src/bluetooth.rs:466)
3.450046 [INFO ] [host] rx::run (trouble_host host/src/host.rs:806)
3.450898 [INFO ] discovered: f5:2c:29:4e:c2:d0 (trouble_example_apps apps/src/fmt.rs:143)
3.528699 [DEBUG] HCI rx: [04, 3e, 28, 02, 01, 03, 00, 83, 54, 87, 39, 57, 4c, 1c, 1b, ff, 75, 00, 42, 04, 01, 80, 66, 4c, 57, 39, 87, 54, 83, 4e, 57, 39, 87, 54, 82, 01, 41, 54, 29, e0, 3d, ab, af] (cyw43 cyw43-0.6.0/src/bluetooth.rs:466)
3.533701 [INFO ] [host] rx::run (trouble_host host/src/host.rs:806)
3.534559 [INFO ] discovered: 83:54:87:39:57:4c (trouble_example_apps apps/src/fmt.rs:143)
3.551021 [DEBUG] HCI rx: [04, 3e, 20, 02, 01, 04, 00, bd, b6, e5, 38, c1, a4, 14, 13, 09, 69, 68, 6f, 6d, 65, 6e, 74, 5f, 48, 36, 31, 33, 39, 5f, 42, 36, 42, 44, a1] (cyw43 cyw43-0.6.0/src/bluetooth.rs:466)
3.555928 [INFO ] [host] rx::run (trouble_host host/src/host.rs:806)
3.695996 [DEBUG] HCI rx: [04, 3e, 2b, 02, 01, 03, 01, b4, 8e, c8, a1, 86, 3e, 1e, 1e, 16, f3, fe, 4a, 17, 23, 50, 32, 44, 55, 11, 32, ac, 4b, 02, 0a, d8, be, 75, 7b, 36, c6, 9d, 04, 35, a2, 62, 7f, 34, 9c, ae] (cyw43 cyw43-0.6.0/src/bluetooth.rs:466)
3.701044 [INFO ] [host] rx::run (trouble_host host/src/host.rs:806)
3.701892 [INFO ] discovered: b4:8e:c8:a1:86:3e (trouble_example_apps apps/src/fmt.rs:143)
3.763490 [DEBUG] HCI rx: [04, 3e, 21, 02, 01, 00, 01, 6a, 69, 5d, f9, 5c, fc, 15, 02, 01, 06, 03, 03, ed, fe, 0d, 16, ed, fe, 02, 00, 50, 64, a1, 66, 0f, cc, 63, 87, b9] (cyw43 cyw43-0.6.0/src/bluetooth.rs:466)
3.768394 [INFO ] [host] rx::run (trouble_host host/src/host.rs:806)
3.769215 [INFO ] discovered: 6a:69:5d:f9:5c:fc (trouble_example_apps apps/src/fmt.rs:143)
4.669377 [DEBUG] HCI rx: [04, 3e, 14, 02, 01, 03, 01, 43, 96, ae, 2b, a4, ed, 08, 07, ff, 4c, 00, 12, 02, 00, 02, 9c] (cyw43 cyw43-0.6.0/src/bluetooth.rs:466)
4.674163 [INFO ] [host] rx::run (trouble_host host/src/host.rs:806)
4.674966 [INFO ] discovered: 43:96:ae:2b:a4:ed (trouble_example_apps apps/src/fmt.rs:143)
4.748943 [DEBUG] HCI rx: [04, 3e, 1f, 02, 01, 00, 01, bf, 92, 48, 6f, 45, 46, 12, 02, 01, 1a, 0c, ff, 4c, 00, 10, 07, 3e, 1f, e9, e9, 1a, ca, 28, 02, 0a, 00, 9d] (cyw43 cyw43-0.6.0/src/bluetooth.rs:466)
4.753889 [INFO ] [host] rx::run (trouble_host host/src/host.rs:806)
4.754708 [INFO ] discovered: bf:92:48:6f:45:46 (trouble_example_apps apps/src/fmt.rs:143)
4.886055 [DEBUG] HCI rx: [04, 3e, 14, 02, 01, 03, 01, 45, f1, b6, 32, 7a, e7, 08, 07, ff, 4c, 00, 12, 02, 00, 02, a9] (cyw43 cyw43-0.6.0/src/bluetooth.rs:466)
4.890783 [INFO ] [host] rx::run (trouble_host host/src/host.rs:806)
4.891587 [INFO ] discovered: 45:f1:b6:32:7a:e7 (trouble_example_apps apps/src/fmt.rs:143)
4.990137 [DEBUG] HCI rx: [04, 3e, 2b, 02, 01, 00, 00, 93, 28, 9b, 4e, c2, d0, 1e, 02, 01, 1a, 1b, ff, 75, 00, 42, 04, 01, 20, 67, 21, 0d, 00, 02, 01, 2b, 01, 01, 00, 01, 00, 00, 00, 00, 00, 00, 00, 00, 02, 9d] (cyw43 cyw43-0.6.0/src/bluetooth.rs:466)
4.995109 [INFO ] [host] rx::run (trouble_host host/src/host.rs:806)
4.995989 [INFO ] discovered: 93:28:9b:4e:c2:d0 (trouble_example_apps apps/src/fmt.rs:143)
5.304087 [DEBUG] HCI rx: [04, 3e, 21, 02, 01, 04, 01, bf, 92, 48, 6f, 45, 46, 14, 14, ff, 4c, 00, 01, 00, 00, 00, 00, 00, 00, 00, 00, 00, 00, 00, 00, 80, 00, 00, 00, 9c] (cyw43 cyw43-0.6.0/src/bluetooth.rs:466)
5.308928 [INFO ] [host] rx::run (trouble_host host/src/host.rs:806)
5.770323 [DEBUG] HCI rx: [04, 3e, 0c, 02, 01, 04, 01, 6a, 69, 5d, f9, 5c, fc, 00, a2] (cyw43 cyw43-0.6.0/src/bluetooth.rs:466)
5.775022 [INFO ] [host] rx::run (trouble_host host/src/host.rs:806)
6.901483 [DEBUG] HCI rx: [04, 3e, 21, 02, 01, 00, 01, f7, 6b, a7, 7a, 32, dd, 15, 02, 01, 06, 0d, 16, ed, fe, 02, 00, 34, 73, 1a, bf, e6, 83, ff, 99, 03, 03, ed, fe, a3] (cyw43 cyw43-0.6.0/src/bluetooth.rs:466)
6.906395 [INFO ] [host] rx::run (trouble_host host/src/host.rs:806)
6.907246 [INFO ] discovered: f7:6b:a7:7a:32:dd (trouble_example_apps apps/src/fmt.rs:143)
9.011156 [DEBUG] HCI rx: [04, 3e, 14, 02, 01, 03, 01, f3, b4, 58, 62, f1, f6, 08, 07, ff, 4c, 00, 12, 02, 00, 00, 98] (cyw43 cyw43-0.6.0/src/bluetooth.rs:466)
9.015976 [INFO ] [host] rx::run (trouble_host host/src/host.rs:806)
9.016800 [INFO ] discovered: f3:b4:58:62:f1:f6 (trouble_example_apps apps/src/fmt.rs:143)
12.555790 [DEBUG] HCI rx: [04, 3e, 27, 02, 01, 04, 00, 93, 28, 9b, 4e, c2, d0, 1a, 1a, 08, 5b, 54, 56, 5d, 20, 53, 61, 6d, 73, 75, 6e, 67, 20, 54, 55, 37, 30, 30, 30, 20, 34, 33, 20, 54, 56, 9e] (cyw43 cyw43-0.6.0/src/bluetooth.rs:466)
12.560777 [INFO ] [host] rx::run (trouble_host host/src/host.rs:806)
34.246873 [DEBUG] HCI rx: [04, 3e, 0c, 02, 01, 04, 01, f7, 6b, a7, 7a, 32, dd, 00, a1] (cyw43 cyw43-0.6.0/src/bluetooth.rs:466)
34.251520 [INFO ] [host] rx::run (trouble_host host/src/host.rs:806)


