0.280956 [DEBUG] init alp (cyw43 cyw43-0.6.0/src/runner.rs:87)
0.281637 [DEBUG] set f2 watermark (cyw43 cyw43-0.6.0/src/runner.rs:92)
0.282780 [DEBUG] watermark = 10 (cyw43 cyw43-0.6.0/src/runner.rs:97)
0.282922 [DEBUG] waiting for clock... (cyw43 cyw43-0.6.0/src/runner.rs:100)
0.283605 [DEBUG] clock ok (cyw43 cyw43-0.6.0/src/runner.rs:102)
0.283720 [DEBUG] clear request for ALP (cyw43 cyw43-0.6.0/src/runner.rs:105)
0.286117 [DEBUG] chip ID: 43439 (cyw43 cyw43-0.6.0/src/runner.rs:109)
0.296812 [DEBUG] loading fw (cyw43 cyw43-0.6.0/src/runner.rs:122)
2.059612 [DEBUG] loading nvram (cyw43 cyw43-0.6.0/src/runner.rs:125)
2.066774 [DEBUG] starting up core... (cyw43 cyw43-0.6.0/src/runner.rs:139)
2.076073 [DEBUG] wait for HT clock (cyw43 cyw43-0.6.0/src/runner.rs:144)
2.091945 [DEBUG] setup interrupt mask (cyw43 cyw43-0.6.0/src/runner.rs:148)
2.093085 [DEBUG] bluetooth setup interrupt mask (cyw43 cyw43-0.6.0/src/runner.rs:155)
2.094641 [DEBUG] waiting for F2 to be ready... (cyw43 cyw43-0.6.0/src/runner.rs:172)
2.175769 [DEBUG] clear pad pulls (cyw43 cyw43-0.6.0/src/runner.rs:193)
2.177333 [DEBUG] waiting for HT clock... (cyw43 cyw43-0.6.0/src/runner.rs:201)
2.178029 [DEBUG] clock ok (cyw43 cyw43-0.6.0/src/runner.rs:203)
2.180035 [DEBUG] shared_addr 00017a7c (cyw43 cyw43-0.6.0/src/runner.rs:222)
2.564291 [DEBUG] cyw43 runner init done (cyw43 cyw43-0.6.0/src/runner.rs:213)
2.564817 [DEBUG] Downloading CLM... (cyw43 cyw43-0.6.0/src/control.rs:168)
2.565288 [DEBUG] ioctl set SetVar iface 0 = [63, 6c, 6d, 6c, 6f, 61, 64, 00, 06, 10, 02, 00, d8, 03, 00, 00, 00, 00, 00, 00, 42, 4c, 4f, 42, 3c, 00, 00, 00, fa, 69, e0, bb, 01, 00, 00, 00, 02, 00, 00, 00, 00, 00, 00, 00, 3c, 00, 00, 00, 98, 03, 00, 00, 0a, 6f, 2b, 52, 00, 00, 00, 00, 00, 00, 00, 00, d4, 03, 00, 00, 04, 00, 00, 00, a0, b0, e5, e2, 00, 00, 00, 00, 43, 4c, 4d, 20, 44, 41, 54, 41, 00, 00, 0c, 00, 02, 00, 52, 61, 73, 70, 62, 65, 72, 72, 79, 50, 69, 2e, 50, 69, 63, 6f, 57, 00, 00, 00, 31, 2e, 32, 39, 2e, 34, 00, 00, 00, 00, 00, 00, 00, 00, 70, 00, 00, 00, 43, 6c, 6d, 49, 6d, 70, 6f, 72, 74, 3a, 20, 31, 2e, 34, 37, 2e, 31, 00, 00, 00, 00, 00, 00, 00, 00, 00, 00, 00, 00, 00, 76, 35, 20, 32, 32, 2f, 30, 36, 2f, 32, 34, 00, 00, 00, 00, 00, 00, 00, 00, 00, 00, 00, 01, 0b, 01, 0d, 0c, 0d, 00, 00, 68, 03, 00, 00, 74, 01, 00, 00, 68, 00, 00, 00, 30, 01, 00, 00, 7c, 01, 00, 00, 00, 00, 00, 00, 4c, 01, 00, 00, 46, 01, 00, 00, 58, 03, 00, 00, 00, 00, 00, 00, 28, 01, 00, 00, 90, 03, 00, 00, 88, 03, 00, 00, 7f, b2, 00, 00, 00, 00, 00, 00, 00, 00, 00, 00, 00, 00, 00, 00, 00, 00, 00, 00, 00, 00, 00, 00, 00, 00, 00, 00, 00, 00, 00, 00, 00, 00, 00, 00, 70, 03, 00, 00, 00, 00, 00, 00, 32, 01, 00, 00, 00, 00, 00, 00, 00, 00, 00, 00, 00, 00, 00, 00, 00, 00, 00, 00, 00, 00, 00, 00, 00, 00, 00, 00, 00, 00, 00, 00, 00, 00, 00, 00, 00, 00, 00, 00, 00, 00, 00, 00, 00, 00, 00, 00, 00, 00, 00, 00, 00, 00, 00, 00, 00, 00, 00, 00, 00, 00, 00, 00, 00, 00, 00, 00, 00, 00, 00, 00, 00, 00, 00, 00, 00, 00, 00, 00, 00, 00, 00, 00, 00, 00, 00, 00, 34, 00, 00, 00, 81, 01, 00, 00, 01, 02, 32, 30, 32, 32, 2d, 30, 36, 2d, 32, 34, 20, 30, 36, 3a, 35, 35, 3a, 30, 38, 00, 00, 00, ff, 00, 00, 00, 01, 00, ff, 01, 1e, 00, 00, 01, 48, 00, 01, 01, 00, ff, 01, 14, 00, 00, 01, 48, 00, 01, 00, 00, ff, 00, 00, 00, 02, 00, 00, 01, 1e, 01, 00, 01, 48, 01, 01, 00, 00, 00, 00, 00, 00, 00, 00, 00, 00, 01, 00, 01, 01, 23, 6e, 00, 02, 00, ff, ff, f0, 00, 41, 54, 00, 01, 00, 01, ff, c0, 00, 41, 55, 00, 01, 00, 01, ff, c0, 00, 42, 45, 00, 01, 00, 01, ff, c0, 00, 42, 52, 00, 01, 00, 01, ff, c0, 00, 43, 41, 00, 00, ff, 00, ff, cc, 00, 43, 48, 00, 01, 00, 01, ff, c0, 00, 43, 4c, 00, 01, 00, 01, ff, c0, 00, 43, 4e, 00, 01, 00, 01, ff, c0, 00, 43, 4f, 00, 01, 00, 01, ff, c0, 00, 43, 5a, 00, 01, 00, 01, ff, c0, 00, 44, 45, 00, 01, ff, 01, ff, cc, 00, 44, 4b, 00, 01, 00, 01, ff, c0, 00, 45, 45, 00, 01, 00, 01, ff, c0, 00, 45, 53, 00, 01, 00, 01, ff, c0, 00, 46, 52, 00, 01, 00, 01, ff, c0, 00, 47, 42, 00, 01, 00, 01, ff, c0, 00, 47, 52, 00, 01, 00, 01, ff, c0, 00, 48, 4b, 00, 01, 00, 01, ff, c0, 00, 48, 55, 00, 01, 00, 01, ff, c0, 00, 49, 4c, 00, 01, 00, 01, ff, c0, 00, 49, 4e, 00, 01, 00, 01, ff, c0, 00, 49, 53, 00, 01, 00, 01, ff, c0, 00, 49, 54, 00, 01, 00, 01, ff, c0, 00, 4a, 50, 00, 01, 00, 01, ff, c0, 00, 4b, 45, 00, 01, 00, 01, ff, c0, 00, 4b, 52, 00, 01, 00, 01, ff, c0, 00, 4c, 49, 00, 01, 00, 01, ff, c0, 00, 4c, 54, 00, 01, 00, 01, ff, c0, 00, 4c, 55, 00, 01, 00, 01, ff, c0, 00, 4c, 56, 00, 01, 00, 01, ff, c0, 00, 4d, 54, 00, 01, 00, 01, ff, c0, 00, 4d, 58, 00, 01, 00, 01, ff, c0, 00, 4d, 59, 00, 01, 00, 01, ff, c0, 00, 4e, 47, 00, 01, 00, 01, ff, c0, 00, 4e, 4c, 00, 01, 00, 01, ff, c0, 00, 4e, 4f, 00, 01, 00, 01, ff, c0, 00, 4e, 5a, 00, 01, 00, 01, ff, c0, 00, 50, 45, 00, 01, 00, 01, ff, c0, 00, 50, 48, 00, 01, 00, 01, ff, c0, 00, 50, 4c, 00, 01, 00, 01, ff, c0, 00, 50, 54, 00, 01, 00, 01, ff, c0, 00, 53, 45, 00, 01, 00, 01, ff, c0, 00, 53, 47, 00, 01, 00, 01, ff, c0, 00, 53, 49, 00, 01, 00, 01, ff, c0, 00, 53, 4b, 00, 01, 00, 01, ff, c0, 00, 54, 48, 00, 01, 00, 01, ff, c0, 00, 54, 52, 00, 01, 00, 01, ff, c0, 00, 54, 57, 00, 01, 00, 01, ff, c0, 00, 55, 53, 00, 00, 00, 00, ff, c0, 00, 58, 58, 00, 03, ff, 02, ff, cc, 00, 5a, 41, 00, 01, 00, 01, ff, c0, 00, 01, 0d, 01, 00, 01, 48, 00, 00, 00, 01, 48, 00, 00, 00, 01, 48, 01, 00, 00, 01, 00, 00, 00, 55, 03, 00, 00, 0a, 0c, 0d, 0e, 0f, 10, 11, 12, 13, 14, 15, 0c, 00, 01, 02, 03, 04, 05, 06, 07, 08, 09, 0a, 0b, 00, 00, 00, 00, 00, 00, 00, 00, 00, 00, 00, 00, 00, 00, 00, 00, af, a9, 00, 00] (cyw43 cyw43-0.6.0/src/control.rs:610)
2.583950 [DEBUG] LOGS: hndarm_armr `ddr: 0x18003000, cr4_idx: 0 (cyw43 cyw43-0.6.0/src/runner.rs:255)
2.584420 [DEBUG] LOGS: 000000.001  (cyw43 cyw43-0.6.0/src/runner.rs:255)
2.584670 [DEBUG] LOGS: RTE (SDIO-CDC) 7.95.60 (abcd531 CY) on BCM43439 r5 @ 37.4/81.6/81.6MHz (cyw43 cyw43-0.6.0/src/runner.rs:255)
2.585271 [DEBUG] LOGS: 000000.004 sdpcmdcdc0: Broadcom SDPCMD CDC driver (cyw43 cyw43-0.6.0/src/runner.rs:255)
2.585750 [DEBUG] LOGS: 000000.008 reclaim section 0: Returned 46156 bytes to the heap (cyw43 cyw43-0.6.0/src/runner.rs:255)
2.586292 [DEBUG] LOGS: 000000.012 wlc_bmac_info_init: host_enab 1 (cyw43 cyw43-0.6.0/src/runner.rs:255)
2.601744 [DEBUG] LOGS: 000000.039 wl0: wlc_ampdu_tx_set: AGG Mode = M@C+Ucode txmaxpkts 64 txmaxpkts_agg 0 (cyw43 cyw43-0.6.0/src/runner.rs:255)
2.602450 [DEBUG] LOGS: 000000.051 wl0: wlc_channdls_commit: no valid channel for "#n" nbands 1 bandlocked 0 (cyw43 cyw43-0.6.0/src/runner.rs:255)
2.603165 [DEBUG] LOGS: 000000.055 wl0: Broadcom BCM43439 802.11 Wireless Controller 7.95.60 (abcd531 CY) (cyw43 cyw43-0.6.0/src/runner.rs:255)
2.603826 [DEBUG] LOGS: 000000.058 TCAM: 256 used: 77 exceed:0 (cyw43 cyw43-0.6.0/src/runner.rs:255)
2.604226 [DEBUG] LOGS: 000000.060 reclaim section 1: Returned 86132 bytes to the heap (cyw43 cyw43-0.6.0/src/runner.rs:255)
2.607178 [WARN ] BDC event, incomplete data (cyw43 cyw43-0.6.0/src/runner.rs:458)
2.608379 [WARN ] BDC event, incomplete data (cyw43 cyw43-0.6.0/src/runner.rs:458)
2.613732 [DEBUG] iovar get clmload_status (cyw43 cyw43-0.6.0/src/control.rs:587)
2.622368 [DEBUG] Configuring misc stuff... (cyw43 cyw43-0.6.0/src/control.rs:203)
2.622605 [DEBUG] iovar set bus:txglom = [00, 00, 00, 00] (cyw43 cyw43-0.6.0/src/control.rs:573)
2.631354 [DEBUG] iovar set apsta = [01, 00, 00, 00] (cyw43 cyw43-0.6.0/src/control.rs:573)
2.640059 [DEBUG] iovar get cur_etheraddr (cyw43 cyw43-0.6.0/src/control.rs:587)
2.648718 [DEBUG] mac addr: [2c, cf, 67, f8, db, 0c] (cyw43 cyw43-0.6.0/src/control.rs:213)
2.649114 [DEBUG] iovar set country = [58, 58, 00, 00, ff, ff, ff, ff, 58, 58, 00, 00] (cyw43 cyw43-0.6.0/src/control.rs:573)
2.791468 [DEBUG] ioctl set SetAntdiv iface 0 = [00, 00, 00, 00] (cyw43 cyw43-0.6.0/src/control.rs:610)
2.800011 [DEBUG] iovar set bus:txglom = [00, 00, 00, 00] (cyw43 cyw43-0.6.0/src/control.rs:573)
2.918515 [DEBUG] iovar set ampdu_ba_wsize = [08, 00, 00, 00] (cyw43 cyw43-0.6.0/src/control.rs:573)
3.027841 [DEBUG] iovar set ampdu_mpdu = [04, 00, 00, 00] (cyw43 cyw43-0.6.0/src/control.rs:573)
3.137133 [DEBUG] iovar set bsscfg:event_msgs = [00, 00, 00, 00, ff, ff, f7, ff, ff, ee, bf, ff, 7f, ff, ff, ff, ff, ff, ff, ff, ff, fd, ff, ff, ff, ff, ff, ff] (cyw43 cyw43-0.6.0/src/control.rs:573)
3.255781 [DEBUG] ioctl set Up iface 0 = [] (cyw43 cyw43-0.6.0/src/control.rs:610)
3.269248 [DEBUG] LOGS: 000001.162 wl0: wl_open (cyw43 cyw43-0.6.0/src/runner.rs:255)
3.374426 [DEBUG] ioctl set SetGmode iface 0 = [01, 00, 00, 00] (cyw43 cyw43-0.6.0/src/control.rs:610)
3.383009 [DEBUG] ioctl set SetBand iface 0 = [00, 00, 00, 00] (cyw43 cyw43-0.6.0/src/control.rs:610)
3.501330 [DEBUG] cyw43 control init done (cyw43 cyw43-0.6.0/src/control.rs:272)
3.501572 [INFO ] resetting... (bt_classic src/bin/bt_classic.rs:68)
3.508175 [DEBUG] HCI tx: [01, 03, 0c, 00] (cyw43 cyw43-0.6.0/src/bluetooth.rs:353)
3.523168 [DEBUG] HCI rx: [04, 0e, 04, 01, 03, 0c, 00] (cyw43 cyw43-0.6.0/src/bluetooth.rs:466)
